2 - 04:47:44 - [error] mod_jk child workerEnv in error state 6
9 - 04:51:18 - [error] mod_jk child workerEnv in error state 6
10 - 04:51:18 - [error] mod_jk child workerEnv in error state 6
11 - 04:51:18 - [error] mod_jk child workerEnv in error state 6
17 - 04:51:55 - [error] mod_jk child workerEnv in error state 6
25 - 04:52:15 - [error] mod_jk child workerEnv in error state 6
26 - 04:52:15 - [error] mod_jk child workerEnv in error state 7
27 - 04:52:15 - [error] mod_jk child workerEnv in error state 7
33 - 04:52:52 - [error] mod_jk child workerEnv in error state 7
34 - 04:52:52 - [error] mod_jk child workerEnv in error state 6
40 - 04:53:16 - [error] mod_jk child workerEnv in error state 7
41 - 04:53:16 - [error] mod_jk child workerEnv in error state 6
46 - 04:53:54 - [error] mod_jk child workerEnv in error state 7
55 - 04:54:18 - [error] mod_jk child workerEnv in error state 6
56 - 04:54:18 - [error] mod_jk child workerEnv in error state 6
57 - 04:54:18 - [error] mod_jk child workerEnv in error state 7
58 - 04:54:18 - [error] mod_jk child workerEnv in error state 7
61 - 04:54:20 - [error] mod_jk child workerEnv in error state 6
66 - 04:56:59 - [error] mod_jk child workerEnv in error state 6
67 - 04:57:00 - [error] mod_jk child workerEnv in error state 6
72 - 04:57:24 - [error] mod_jk child workerEnv in error state 6
73 - 04:57:24 - [error] mod_jk child workerEnv in error state 6
76 - 04:58:18 - [error] mod_jk child workerEnv in error state 6
79 - 04:58:58 - [error] mod_jk child workerEnv in error state 6
84 - 04:59:38 - [error] mod_jk child workerEnv in error state 6
85 - 04:59:38 - [error] mod_jk child workerEnv in error state 6
88 - 05:00:09 - [error] mod_jk child workerEnv in error state 6
92 - 05:00:15 - [error] mod_jk child workerEnv in error state 6
94 - 05:00:15 - [error] mod_jk child workerEnv in error state 6
107 - 05:04:04 - [error] mod_jk child workerEnv in error state 7
109 - 05:04:04 - [error] mod_jk child workerEnv in error state 6
111 - 05:04:04 - [error] mod_jk child workerEnv in error state 7
113 - 05:04:04 - [error] mod_jk child workerEnv in error state 7
115 - 05:04:04 - [error] mod_jk child workerEnv in error state 7
117 - 05:04:04 - [error] mod_jk child workerEnv in error state 6
119 - 05:04:04 - [error] mod_jk child workerEnv in error state 6
122 - 05:12:10 - [error] mod_jk child workerEnv in error state 6
126 - 05:12:28 - [error] mod_jk child workerEnv in error state 6
128 - 05:12:28 - [error] mod_jk child workerEnv in error state 6
131 - 05:12:30 - [error] mod_jk child workerEnv in error state 6
132 - 05:15:09 - [error] [client 222.166.160.184] Directory index forbidden by rule: /var/www/html/
135 - 05:15:16 - [error] mod_jk child workerEnv in error state 6
140 - 06:01:30 - [error] mod_jk child workerEnv in error state 6
145 - 06:02:02 - [error] mod_jk child workerEnv in error state 7
151 - 06:02:07 - [error] mod_jk child workerEnv in error state 7
153 - 06:02:07 - [error] mod_jk child workerEnv in error state 6
155 - 06:02:07 - [error] mod_jk child workerEnv in error state 6
157 - 06:02:07 - [error] mod_jk child workerEnv in error state 6
163 - 06:06:12 - [error] mod_jk child workerEnv in error state 6
164 - 06:06:12 - [error] mod_jk child workerEnv in error state 6
170 - 06:06:26 - [error] mod_jk child workerEnv in error state 7
172 - 06:06:26 - [error] mod_jk child workerEnv in error state 6
174 - 06:06:26 - [error] mod_jk child workerEnv in error state 6
176 - 06:06:26 - [error] mod_jk child workerEnv in error state 7
190 - 06:12:40 - [error] mod_jk child workerEnv in error state 6
191 - 06:12:40 - [error] mod_jk child workerEnv in error state 6
192 - 06:12:40 - [error] mod_jk child workerEnv in error state 6
193 - 06:12:40 - [error] mod_jk child workerEnv in error state 7
194 - 06:12:40 - [error] mod_jk child workerEnv in error state 7
197 - 06:13:01 - [error] mod_jk child workerEnv in error state 6
203 - 06:16:23 - [error] mod_jk child workerEnv in error state 6
204 - 06:16:23 - [error] mod_jk child workerEnv in error state 7
207 - 06:16:23 - [error] mod_jk child workerEnv in error state 6
209 - 06:16:39 - [error] mod_jk child workerEnv in error state 6
214 - 06:17:05 - [error] mod_jk child workerEnv in error state 6
217 - 06:17:24 - [error] mod_jk child workerEnv in error state 6
223 - 06:17:35 - [error] mod_jk child workerEnv in error state 6
224 - 06:17:35 - [error] mod_jk child workerEnv in error state 7
230 - 06:18:11 - [error] mod_jk child workerEnv in error state 7
231 - 06:18:11 - [error] mod_jk child workerEnv in error state 6
234 - 06:18:31 - [error] mod_jk child workerEnv in error state 6
240 - 06:18:55 - [error] mod_jk child workerEnv in error state 6
241 - 06:18:55 - [error] mod_jk child workerEnv in error state 7
245 - 06:19:18 - [error] mod_jk child workerEnv in error state 6
250 - 06:19:34 - [error] mod_jk child workerEnv in error state 6
251 - 06:19:34 - [error] mod_jk child workerEnv in error state 7
263 - 06:20:46 - [error] mod_jk child workerEnv in error state 6
264 - 06:20:46 - [error] mod_jk child workerEnv in error state 7
265 - 06:20:46 - [error] mod_jk child workerEnv in error state 8
277 - 06:22:55 - [error] mod_jk child workerEnv in error state 6
278 - 06:22:55 - [error] mod_jk child workerEnv in error state 6
279 - 06:22:55 - [error] mod_jk child workerEnv in error state 6
280 - 06:22:55 - [error] mod_jk child workerEnv in error state 7
281 - 06:22:55 - [error] mod_jk child workerEnv in error state 8
284 - 06:23:15 - [error] mod_jk child workerEnv in error state 6
287 - 06:30:43 - [error] mod_jk child workerEnv in error state 6
291 - 06:36:10 - [error] mod_jk child workerEnv in error state 6
293 - 06:36:10 - [error] mod_jk child workerEnv in error state 6
300 - 06:41:07 - [error] mod_jk child workerEnv in error state 6
301 - 06:41:08 - [error] mod_jk child workerEnv in error state 6
302 - 06:41:08 - [error] mod_jk child workerEnv in error state 6
307 - 06:41:46 - [error] mod_jk child workerEnv in error state 6
308 - 06:41:46 - [error] mod_jk child workerEnv in error state 6
315 - 06:42:30 - [error] mod_jk child workerEnv in error state 6
316 - 06:42:30 - [error] mod_jk child workerEnv in error state 6
319 - 06:42:58 - [error] mod_jk child workerEnv in error state 6
320 - 06:42:58 - [error] mod_jk child workerEnv in error state 6
327 - 06:43:40 - [error] mod_jk child workerEnv in error state 6
328 - 06:43:40 - [error] mod_jk child workerEnv in error state 6
342 - 06:45:57 - [error] mod_jk child workerEnv in error state 7
349 - 06:46:31 - [error] mod_jk child workerEnv in error state 8
350 - 06:46:31 - [error] mod_jk child workerEnv in error state 7
355 - 06:46:33 - [error] mod_jk child workerEnv in error state 8
357 - 06:46:34 - [error] mod_jk child workerEnv in error state 10
359 - 06:46:34 - [error] mod_jk child workerEnv in error state 8
367 - 06:47:43 - [error] mod_jk child workerEnv in error state 6
376 - 06:49:24 - [error] mod_jk child workerEnv in error state 8
384 - 06:51:23 - [error] mod_jk child workerEnv in error state 7
386 - 06:51:23 - [error] mod_jk child workerEnv in error state 6
388 - 06:51:23 - [error] mod_jk child workerEnv in error state 8
390 - 06:51:23 - [error] mod_jk child workerEnv in error state 6
393 - 06:51:26 - [error] mod_jk child workerEnv in error state 9
398 - 06:52:15 - [error] mod_jk child workerEnv in error state 6
399 - 06:52:15 - [error] mod_jk child workerEnv in error state 6
404 - 06:52:41 - [error] mod_jk child workerEnv in error state 9
405 - 06:52:41 - [error] mod_jk child workerEnv in error state 6
410 - 06:53:26 - [error] mod_jk child workerEnv in error state 6
426 - 06:55:23 - [error] mod_jk child workerEnv in error state 6
427 - 06:55:23 - [error] mod_jk child workerEnv in error state 8
428 - 06:55:23 - [error] mod_jk child workerEnv in error state 9
434 - 06:56:17 - [error] mod_jk child workerEnv in error state 6
444 - 06:57:23 - [error] mod_jk child workerEnv in error state 6
445 - 06:57:23 - [error] mod_jk child workerEnv in error state 6
447 - 06:57:23 - [error] mod_jk child workerEnv in error state 9
449 - 06:57:23 - [error] mod_jk child workerEnv in error state 8
451 - 06:57:24 - [error] mod_jk child workerEnv in error state 9
458 - 06:58:29 - [error] mod_jk child workerEnv in error state 6
459 - 06:58:29 - [error] mod_jk child workerEnv in error state 6
461 - 06:58:53 - [error] mod_jk child workerEnv in error state 6
470 - 06:59:40 - [error] mod_jk child workerEnv in error state 6
473 - 06:59:47 - [error] mod_jk child workerEnv in error state 8
474 - 06:59:47 - [error] mod_jk child workerEnv in error state 7
492 - 07:02:03 - [error] mod_jk child workerEnv in error state 9
493 - 07:02:03 - [error] mod_jk child workerEnv in error state 8
494 - 07:02:03 - [error] mod_jk child workerEnv in error state 8
495 - 07:02:03 - [error] mod_jk child workerEnv in error state 6
496 - 07:02:03 - [error] mod_jk child workerEnv in error state 6
513 - 07:07:30 - [error] mod_jk child workerEnv in error state 9
514 - 07:07:30 - [error] mod_jk child workerEnv in error state 10
515 - 07:07:30 - [error] mod_jk child workerEnv in error state 8
520 - 07:08:04 - [error] mod_jk child workerEnv in error state 7
522 - 07:08:04 - [error] mod_jk child workerEnv in error state 6
524 - 07:08:04 - [error] mod_jk child workerEnv in error state 7
529 - 07:11:05 - [error] mod_jk child workerEnv in error state 6
532 - 07:11:22 - [error] mod_jk child workerEnv in error state 6
533 - 07:11:22 - [error] mod_jk child workerEnv in error state 6
536 - 07:12:08 - [error] mod_jk child workerEnv in error state 6
541 - 07:12:44 - [error] mod_jk child workerEnv in error state 6
542 - 07:12:44 - [error] mod_jk child workerEnv in error state 6
549 - 07:13:41 - [error] mod_jk child workerEnv in error state 6
550 - 07:13:41 - [error] mod_jk child workerEnv in error state 6
555 - 07:14:29 - [error] mod_jk child workerEnv in error state 7
567 - 07:18:00 - [error] mod_jk child workerEnv in error state 7
569 - 07:18:00 - [error] mod_jk child workerEnv in error state 6
571 - 07:18:00 - [error] mod_jk child workerEnv in error state 7
573 - 07:18:00 - [error] mod_jk child workerEnv in error state 8
575 - 07:18:00 - [error] mod_jk child workerEnv in error state 7
577 - 07:18:00 - [error] mod_jk child workerEnv in error state 6
579 - 07:18:00 - [error] mod_jk child workerEnv in error state 7
580 - 07:45:45 - [error] [client 63.13.186.196] Directory index forbidden by rule: /var/www/html/
581 - 08:54:17 - [error] [client 147.31.138.75] Directory index forbidden by rule: /var/www/html/
582 - 09:35:12 - [error] [client 207.203.80.15] Directory index forbidden by rule: /var/www/html/
583 - 10:53:30 - [error] [client 218.76.139.20] Directory index forbidden by rule: /var/www/html/
584 - 11:11:07 - [error] [client 24.147.151.74] Directory index forbidden by rule: /var/www/html/
585 - 11:33:18 - [error] [client 211.141.93.88] Directory index forbidden by rule: /var/www/html/
586 - 11:42:43 - [error] [client 216.127.124.16] Directory index forbidden by rule: /var/www/html/
587 - 12:33:13 - [error] [client 208.51.151.210] Directory index forbidden by rule: /var/www/html/
588 - 13:32:32 - [error] [client 65.68.235.27] Directory index forbidden by rule: /var/www/html/
589 - 14:29:00 - [error] [client 4.245.93.87] Directory index forbidden by rule: /var/www/html/
590 - 15:18:36 - [error] [client 67.154.58.130] Directory index forbidden by rule: /var/www/html/
591 - 15:59:01 - [error] [client 24.83.37.136] Directory index forbidden by rule: /var/www/html/
593 - 16:24:05 - [error] [client 58.225.62.140] Directory index forbidden by rule: /var/www/html/
595 - 16:24:06 - [error] mod_jk child workerEnv in error state 6
599 - 16:32:56 - [error] mod_jk child workerEnv in error state 6
604 - 16:32:58 - [error] mod_jk child workerEnv in error state 7
606 - 16:32:58 - [error] mod_jk child workerEnv in error state 6
608 - 16:32:58 - [error] mod_jk child workerEnv in error state 6
611 - 16:35:52 - [error] mod_jk child workerEnv in error state 6
620 - 16:41:22 - [error] mod_jk child workerEnv in error state 6
621 - 16:41:22 - [error] mod_jk child workerEnv in error state 6
622 - 16:41:22 - [error] mod_jk child workerEnv in error state 6
623 - 16:41:22 - [error] mod_jk child workerEnv in error state 6
627 - 16:46:13 - [error] mod_jk child workerEnv in error state 6
636 - 16:48:01 - [error] mod_jk child workerEnv in error state 8
638 - 16:48:01 - [error] mod_jk child workerEnv in error state 7
640 - 16:48:01 - [error] mod_jk child workerEnv in error state 6
642 - 16:48:01 - [error] mod_jk child workerEnv in error state 6
644 - 16:48:01 - [error] mod_jk child workerEnv in error state 6
660 - 16:52:49 - [error] mod_jk child workerEnv in error state 6
661 - 16:52:49 - [error] mod_jk child workerEnv in error state 7
662 - 16:52:49 - [error] mod_jk child workerEnv in error state 7
663 - 16:52:49 - [error] mod_jk child workerEnv in error state 8
664 - 16:52:49 - [error] mod_jk child workerEnv in error state 6
672 - 16:56:27 - [error] mod_jk child workerEnv in error state 6
674 - 16:56:27 - [error] mod_jk child workerEnv in error state 7
676 - 16:56:27 - [error] mod_jk child workerEnv in error state 6
678 - 16:56:27 - [error] mod_jk child workerEnv in error state 6
680 - 16:56:27 - [error] mod_jk child workerEnv in error state 6
687 - 17:01:47 - [error] mod_jk child workerEnv in error state 6
689 - 17:01:47 - [error] mod_jk child workerEnv in error state 6
691 - 17:01:47 - [error] mod_jk child workerEnv in error state 6
693 - 17:01:47 - [error] mod_jk child workerEnv in error state 6
695 - 17:01:47 - [error] mod_jk child workerEnv in error state 6
702 - 17:05:48 - [error] mod_jk child workerEnv in error state 6
703 - 17:05:48 - [error] mod_jk child workerEnv in error state 6
704 - 17:05:48 - [error] mod_jk child workerEnv in error state 6
717 - 17:12:55 - [error] mod_jk child workerEnv in error state 6
718 - 17:12:55 - [error] mod_jk child workerEnv in error state 7
719 - 17:12:55 - [error] mod_jk child workerEnv in error state 7
720 - 17:12:55 - [error] mod_jk child workerEnv in error state 7
723 - 17:12:57 - [error] mod_jk child workerEnv in error state 7
738 - 17:20:46 - [error] mod_jk child workerEnv in error state 7
739 - 17:20:46 - [error] mod_jk child workerEnv in error state 6
740 - 17:20:46 - [error] mod_jk child workerEnv in error state 6
741 - 17:20:46 - [error] mod_jk child workerEnv in error state 7
742 - 17:20:46 - [error] mod_jk child workerEnv in error state 6
745 - 17:21:04 - [error] mod_jk child workerEnv in error state 8
760 - 17:31:12 - [error] mod_jk child workerEnv in error state 6
761 - 17:31:12 - [error] mod_jk child workerEnv in error state 6
762 - 17:31:12 - [error] mod_jk child workerEnv in error state 8
763 - 17:31:12 - [error] mod_jk child workerEnv in error state 9
768 - 17:31:45 - [error] mod_jk child workerEnv in error state 6
769 - 17:31:45 - [error] mod_jk child workerEnv in error state 6
772 - 17:34:57 - [error] mod_jk child workerEnv in error state 6
773 - 17:34:57 - [error] [client 61.138.216.82] Directory index forbidden by rule: /var/www/html/
785 - 17:43:08 - [error] jk2_init() Can't find child 1566 in scoreboard
789 - 17:43:08 - [error] jk2_init() Can't find child 1567 in scoreboard
792 - 17:43:12 - [error] mod_jk child workerEnv in error state 9
794 - 17:43:12 - [error] mod_jk child workerEnv in error state 8
796 - 17:43:12 - [error] mod_jk child init 1 -2
798 - 17:43:12 - [error] mod_jk child workerEnv in error state 7
800 - 17:43:12 - [error] mod_jk child workerEnv in error state 9
802 - 17:43:12 - [error] mod_jk child init 1 -2
804 - 17:43:12 - [error] mod_jk child workerEnv in error state 6
805 - 17:53:43 - [error] [client 218.39.132.175] Directory index forbidden by rule: /var/www/html/
806 - 18:24:22 - [error] [client 125.30.38.52] Directory index forbidden by rule: /var/www/html/
809 - 19:25:53 - [error] mod_jk child workerEnv in error state 6
813 - 19:32:33 - [error] mod_jk child workerEnv in error state 6
818 - 19:32:34 - [error] mod_jk child workerEnv in error state 6
820 - 19:32:34 - [error] mod_jk child workerEnv in error state 7
822 - 19:32:34 - [error] mod_jk child workerEnv in error state 6
828 - 19:36:05 - [error] [client 61.37.222.240] Directory index forbidden by rule: /var/www/html/
830 - 19:36:07 - [error] mod_jk child workerEnv in error state 6
832 - 19:36:07 - [error] mod_jk child workerEnv in error state 6
834 - 19:36:07 - [error] mod_jk child workerEnv in error state 6
836 - 19:36:07 - [error] mod_jk child workerEnv in error state 6
838 - 19:36:07 - [error] mod_jk child workerEnv in error state 6
844 - 19:41:21 - [error] mod_jk child workerEnv in error state 6
846 - 19:41:21 - [error] mod_jk child workerEnv in error state 6
848 - 19:41:21 - [error] mod_jk child workerEnv in error state 6
850 - 19:41:21 - [error] mod_jk child workerEnv in error state 6
855 - 19:46:13 - [error] mod_jk child workerEnv in error state 6
856 - 19:46:13 - [error] mod_jk child workerEnv in error state 6
860 - 19:46:20 - [error] mod_jk child workerEnv in error state 6
862 - 19:46:20 - [error] mod_jk child workerEnv in error state 6
867 - 19:50:55 - [error] mod_jk child workerEnv in error state 6
869 - 19:50:55 - [error] mod_jk child workerEnv in error state 6
871 - 19:51:18 - [error] mod_jk child workerEnv in error state 6
876 - 19:51:54 - [error] mod_jk child workerEnv in error state 6
878 - 19:51:54 - [error] mod_jk child workerEnv in error state 6
880 - 19:51:54 - [error] mod_jk child workerEnv in error state 6
886 - 19:56:53 - [error] mod_jk child workerEnv in error state 6
888 - 19:56:53 - [error] mod_jk child workerEnv in error state 6
890 - 19:56:53 - [error] mod_jk child workerEnv in error state 6
892 - 19:56:53 - [error] mod_jk child workerEnv in error state 6
903 - 20:01:37 - [error] mod_jk child workerEnv in error state 6
904 - 20:01:37 - [error] mod_jk child workerEnv in error state 6
905 - 20:01:37 - [error] mod_jk child workerEnv in error state 6
906 - 20:01:37 - [error] mod_jk child workerEnv in error state 7
912 - 20:05:59 - [error] mod_jk child workerEnv in error state 6
914 - 20:05:59 - [error] mod_jk child workerEnv in error state 6
916 - 20:05:59 - [error] mod_jk child workerEnv in error state 6
918 - 20:05:59 - [error] mod_jk child workerEnv in error state 6
924 - 20:11:14 - [error] mod_jk child workerEnv in error state 6
926 - 20:11:14 - [error] mod_jk child workerEnv in error state 6
928 - 20:11:14 - [error] mod_jk child workerEnv in error state 6
930 - 20:11:14 - [error] mod_jk child workerEnv in error state 6
939 - 20:16:15 - [error] mod_jk child workerEnv in error state 6
940 - 20:16:15 - [error] mod_jk child workerEnv in error state 6
941 - 20:16:15 - [error] mod_jk child workerEnv in error state 6
942 - 20:16:15 - [error] mod_jk child workerEnv in error state 6
950 - 20:21:36 - [error] mod_jk child workerEnv in error state 6
955 - 20:22:52 - [error] mod_jk child workerEnv in error state 7
963 - 20:24:49 - [error] mod_jk child workerEnv in error state 8
965 - 20:24:49 - [error] mod_jk child workerEnv in error state 8
967 - 20:24:49 - [error] mod_jk child workerEnv in error state 6
969 - 20:24:49 - [error] mod_jk child workerEnv in error state 7
972 - 20:26:54 - [error] mod_jk child workerEnv in error state 6
991 - 20:32:55 - [error] mod_jk child workerEnv in error state 10
992 - 20:32:55 - [error] mod_jk child workerEnv in error state 6
993 - 20:32:55 - [error] mod_jk child workerEnv in error state 10
999 - 20:34:14 - [error] mod_jk child workerEnv in error state 6
1004 - 20:34:25 - [error] mod_jk child workerEnv in error state 7
1006 - 20:34:25 - [error] mod_jk child workerEnv in error state 9
1008 - 20:34:25 - [error] mod_jk child workerEnv in error state 7
1014 - 20:37:49 - [error] mod_jk child workerEnv in error state 6
1015 - 20:37:49 - [error] mod_jk child workerEnv in error state 6
1022 - 20:38:14 - [error] mod_jk child workerEnv in error state 6
1023 - 20:38:14 - [error] mod_jk child workerEnv in error state 6
1024 - 20:38:14 - [error] mod_jk child workerEnv in error state 7
1032 - 20:47:16 - [error] jk2_init() Can't find child 2082 in scoreboard
1035 - 20:47:16 - [error] mod_jk child workerEnv in error state 6
1037 - 20:47:16 - [error] mod_jk child init 1 -2
1039 - 20:47:16 - [error] mod_jk child workerEnv in error state 9
1040 - 20:47:17 - [error] jk2_init() Can't find child 2085 in scoreboard
1042 - 20:47:17 - [error] mod_jk child init 1 -2
1043 - 20:47:17 - [error] jk2_init() Can't find child 2086 in scoreboard
1045 - 20:47:17 - [error] mod_jk child init 1 -2
1046 - 20:47:17 - [error] jk2_init() Can't find child 2087 in scoreboard
1049 - 20:47:17 - [error] mod_jk child workerEnv in error state 7
1051 - 20:47:17 - [error] mod_jk child init 1 -2
1052 - 01:04:31 - [error] [client 218.62.18.218] Directory index forbidden by rule: /var/www/html/
1053 - 01:30:32 - [error] [client 211.62.201.48] Directory index forbidden by rule: /var/www/html/
1056 - 03:21:02 - [error] mod_jk child workerEnv in error state 6
1059 - 03:23:24 - [error] mod_jk child workerEnv in error state 6
1060 - 03:23:24 - [error] [client 218.207.61.7] Directory index forbidden by rule: /var/www/html/
1063 - 03:25:46 - [error] mod_jk child workerEnv in error state 6
1072 - 03:36:57 - [error] mod_jk child workerEnv in error state 6
1073 - 03:36:57 - [error] mod_jk child workerEnv in error state 6
1074 - 03:36:57 - [error] mod_jk child workerEnv in error state 6
1075 - 03:36:57 - [error] mod_jk child workerEnv in error state 6
1078 - 03:40:55 - [error] mod_jk child workerEnv in error state 6
1080 - 03:44:50 - [error] [client 168.20.198.21] Directory index forbidden by rule: /var/www/html/
1082 - 03:44:50 - [error] mod_jk child workerEnv in error state 6
1096 - 03:47:54 - [error] mod_jk child workerEnv in error state 8
1098 - 03:47:54 - [error] mod_jk child workerEnv in error state 8
1100 - 03:47:54 - [error] mod_jk child workerEnv in error state 7
1102 - 03:47:54 - [error] mod_jk child workerEnv in error state 6
1111 - 03:50:59 - [error] mod_jk child workerEnv in error state 6
1112 - 03:50:59 - [error] mod_jk child workerEnv in error state 6
1113 - 03:50:59 - [error] mod_jk child workerEnv in error state 6
1114 - 03:50:59 - [error] mod_jk child workerEnv in error state 6
1120 - 03:56:15 - [error] mod_jk child workerEnv in error state 6
1122 - 03:56:15 - [error] mod_jk child workerEnv in error state 6
1124 - 03:56:15 - [error] mod_jk child workerEnv in error state 6
1126 - 03:56:15 - [error] mod_jk child workerEnv in error state 6
1133 - 04:01:23 - [error] mod_jk child workerEnv in error state 6
1135 - 04:01:23 - [error] mod_jk child workerEnv in error state 6
1137 - 04:01:23 - [error] mod_jk child workerEnv in error state 6
1139 - 04:01:23 - [error] mod_jk child workerEnv in error state 6
1145 - 04:06:45 - [error] mod_jk child workerEnv in error state 6
1146 - 04:06:45 - [error] mod_jk child workerEnv in error state 6
1169 - 04:14:00 - [error] mod_jk child workerEnv in error state 9
1171 - 04:14:00 - [error] mod_jk child workerEnv in error state 8
1173 - 04:14:00 - [error] mod_jk child workerEnv in error state 6
1175 - 04:14:00 - [error] mod_jk child workerEnv in error state 9
1177 - 04:14:00 - [error] mod_jk child workerEnv in error state 6
1179 - 04:14:00 - [error] mod_jk child workerEnv in error state 10
1180 - 04:14:00 - [error] mod_jk child workerEnv in error state 9
1187 - 05:06:47 - [error] mod_jk child workerEnv in error state 6
1188 - 05:06:47 - [error] mod_jk child workerEnv in error state 6
1189 - 05:06:47 - [error] mod_jk child workerEnv in error state 6
1204 - 05:15:33 - [error] mod_jk child workerEnv in error state 9
1206 - 05:15:33 - [error] mod_jk child workerEnv in error state 9
1208 - 05:15:33 - [error] mod_jk child workerEnv in error state 7
1210 - 05:15:33 - [error] mod_jk child workerEnv in error state 8
1213 - 06:35:27 - [error] mod_jk child workerEnv in error state 6
1216 - 06:36:58 - [error] mod_jk child workerEnv in error state 6
1217 - 06:36:59 - [error] [client 221.232.178.24] Directory index forbidden by rule: /var/www/html/
1221 - 07:16:03 - [error] mod_jk child workerEnv in error state 6
1223 - 07:16:03 - [error] mod_jk child workerEnv in error state 6
1229 - 07:21:09 - [error] mod_jk child workerEnv in error state 6
1230 - 07:21:09 - [error] mod_jk child workerEnv in error state 6
1232 - 07:21:09 - [error] mod_jk child workerEnv in error state 6
1239 - 07:26:00 - [error] mod_jk child workerEnv in error state 6
1240 - 07:26:00 - [error] mod_jk child workerEnv in error state 6
1241 - 07:26:00 - [error] mod_jk child workerEnv in error state 6
1248 - 07:32:06 - [error] mod_jk child workerEnv in error state 6
1250 - 07:32:06 - [error] mod_jk child workerEnv in error state 6
1252 - 07:32:06 - [error] mod_jk child workerEnv in error state 6
1254 - 07:32:06 - [error] mod_jk child workerEnv in error state 6
1264 - 07:37:58 - [error] mod_jk child workerEnv in error state 6
1265 - 07:37:58 - [error] mod_jk child workerEnv in error state 6
1266 - 07:37:58 - [error] mod_jk child workerEnv in error state 6
1267 - 07:37:58 - [error] mod_jk child workerEnv in error state 6
1276 - 07:43:16 - [error] mod_jk child workerEnv in error state 7
1278 - 07:43:16 - [error] mod_jk child workerEnv in error state 7
1280 - 07:43:16 - [error] mod_jk child workerEnv in error state 6
1283 - 07:43:19 - [error] mod_jk child workerEnv in error state 7
1293 - 07:47:22 - [error] mod_jk child workerEnv in error state 8
1295 - 07:47:23 - [error] mod_jk child workerEnv in error state 6
1298 - 07:47:40 - [error] mod_jk child workerEnv in error state 7
1299 - 07:47:40 - [error] mod_jk child workerEnv in error state 8
1306 - 07:48:55 - [error] mod_jk child workerEnv in error state 6
1307 - 07:48:55 - [error] mod_jk child workerEnv in error state 7
1311 - 07:48:56 - [error] mod_jk child workerEnv in error state 6
1313 - 07:48:56 - [error] mod_jk child workerEnv in error state 7
1318 - 07:51:23 - [error] mod_jk child workerEnv in error state 6
1323 - 07:52:02 - [error] mod_jk child workerEnv in error state 6
1324 - 07:52:02 - [error] mod_jk child workerEnv in error state 7
1330 - 07:53:01 - [error] mod_jk child workerEnv in error state 7
1339 - 07:55:08 - [error] mod_jk child workerEnv in error state 8
1341 - 07:55:08 - [error] mod_jk child workerEnv in error state 7
1343 - 07:55:08 - [error] mod_jk child workerEnv in error state 7
1349 - 07:57:02 - [error] jk2_init() Can't find child 5053 in scoreboard
1350 - 07:57:02 - [error] jk2_init() Can't find child 5054 in scoreboard
1353 - 07:57:02 - [error] mod_jk child workerEnv in error state 6
1355 - 07:57:02 - [error] mod_jk child workerEnv in error state 6
1357 - 07:57:02 - [error] mod_jk child workerEnv in error state 6
1359 - 07:57:02 - [error] mod_jk child workerEnv in error state 8
1361 - 07:57:02 - [error] mod_jk child workerEnv in error state 6
1363 - 07:57:02 - [error] mod_jk child init 1 -2
1365 - 07:57:02 - [error] mod_jk child init 1 -2
1366 - 09:09:48 - [error] [client 207.12.15.211] Directory index forbidden by rule: /var/www/html/
1370 - 09:36:14 - [error] mod_jk child workerEnv in error state 6
1372 - 09:36:14 - [error] mod_jk child workerEnv in error state 6
1375 - 09:55:21 - [error] mod_jk child workerEnv in error state 6
1378 - 10:10:33 - [error] mod_jk child workerEnv in error state 6
1390 - 10:17:51 - [error] mod_jk child workerEnv in error state 6
1391 - 10:17:51 - [error] mod_jk child workerEnv in error state 6
1392 - 10:17:51 - [error] mod_jk child workerEnv in error state 7
1393 - 10:17:51 - [error] mod_jk child workerEnv in error state 7
1402 - 10:21:13 - [error] mod_jk child workerEnv in error state 6
1403 - 10:21:13 - [error] mod_jk child workerEnv in error state 6
1404 - 10:21:13 - [error] mod_jk child workerEnv in error state 6
1405 - 10:21:13 - [error] mod_jk child workerEnv in error state 6
1411 - 10:26:31 - [error] mod_jk child workerEnv in error state 6
1413 - 10:26:31 - [error] mod_jk child workerEnv in error state 6
1415 - 10:26:31 - [error] mod_jk child workerEnv in error state 6
1417 - 10:26:31 - [error] mod_jk child workerEnv in error state 6
1420 - 10:26:36 - [error] mod_jk child workerEnv in error state 6
1421 - 10:26:39 - [error] [client 141.153.150.164] Directory index forbidden by rule: /var/www/html/
1422 - 10:28:44 - [error] [client 198.232.168.9] Directory index forbidden by rule: /var/www/html/
1430 - 10:33:44 - [error] mod_jk child workerEnv in error state 6
1432 - 10:33:44 - [error] mod_jk child workerEnv in error state 6
1434 - 10:33:44 - [error] mod_jk child workerEnv in error state 7
1436 - 10:33:44 - [error] mod_jk child workerEnv in error state 7
1447 - 10:38:04 - [error] mod_jk child workerEnv in error state 8
1449 - 10:38:04 - [error] mod_jk child workerEnv in error state 7
1451 - 10:38:04 - [error] mod_jk child workerEnv in error state 6
1453 - 10:38:04 - [error] mod_jk child workerEnv in error state 7
1464 - 10:43:39 - [error] mod_jk child workerEnv in error state 8
1466 - 10:43:41 - [error] mod_jk child workerEnv in error state 7
1470 - 10:43:51 - [error] mod_jk child workerEnv in error state 7
1472 - 10:43:51 - [error] mod_jk child workerEnv in error state 8
1479 - 10:47:17 - [error] mod_jk child workerEnv in error state 6
1480 - 10:47:17 - [error] mod_jk child workerEnv in error state 6
1485 - 10:47:45 - [error] mod_jk child workerEnv in error state 7
1486 - 10:47:45 - [error] mod_jk child workerEnv in error state 7
1489 - 10:47:47 - [error] mod_jk child workerEnv in error state 6
1492 - 10:48:46 - [error] mod_jk child workerEnv in error state 6
1493 - 10:48:48 - [error] [client 67.166.248.235] Directory index forbidden by rule: /var/www/html/
1498 - 10:51:35 - [error] mod_jk child workerEnv in error state 6
1499 - 10:51:35 - [error] mod_jk child workerEnv in error state 6
1504 - 10:52:21 - [error] mod_jk child workerEnv in error state 6
1522 - 10:59:29 - [error] mod_jk child workerEnv in error state 6
1523 - 10:59:29 - [error] mod_jk child workerEnv in error state 7
1524 - 10:59:29 - [error] mod_jk child workerEnv in error state 8
1525 - 10:59:29 - [error] mod_jk child workerEnv in error state 6
1526 - 10:59:29 - [error] mod_jk child workerEnv in error state 6
1527 - 10:59:29 - [error] mod_jk child workerEnv in error state 6
1528 - 10:59:29 - [error] mod_jk child workerEnv in error state 7
1536 - 11:06:51 - [error] mod_jk child workerEnv in error state 6
1538 - 11:06:51 - [error] mod_jk child workerEnv in error state 7
1540 - 11:06:51 - [error] mod_jk child workerEnv in error state 6
1541 - 11:06:52 - [error] jk2_init() Can't find child 5619 in scoreboard
1543 - 11:06:52 - [error] mod_jk child init 1 -2
1544 - 11:06:52 - [error] jk2_init() Can't find child 5620 in scoreboard
1546 - 11:06:52 - [error] mod_jk child init 1 -2
1547 - 11:06:52 - [error] jk2_init() Can't find child 5621 in scoreboard
1549 - 11:06:52 - [error] mod_jk child init 1 -2
1550 - 11:06:52 - [error] jk2_init() Can't find child 5622 in scoreboard
1552 - 11:06:52 - [error] mod_jk child init 1 -2
1560 - 12:36:39 - [error] mod_jk child workerEnv in error state 7
1562 - 12:36:39 - [error] mod_jk child workerEnv in error state 6
1564 - 12:36:39 - [error] mod_jk child workerEnv in error state 7
1566 - 12:36:39 - [error] mod_jk child workerEnv in error state 6
1569 - 12:40:38 - [error] mod_jk child workerEnv in error state 6
1574 - 12:50:43 - [error] mod_jk child workerEnv in error state 6
1575 - 12:50:43 - [error] mod_jk child workerEnv in error state 6
1579 - 12:55:49 - [error] mod_jk child workerEnv in error state 6
1581 - 12:55:49 - [error] mod_jk child workerEnv in error state 6
1585 - 13:00:34 - [error] mod_jk child workerEnv in error state 6
1587 - 13:00:34 - [error] mod_jk child workerEnv in error state 6
1590 - 13:05:24 - [error] mod_jk child workerEnv in error state 6
1593 - 13:10:59 - [error] mod_jk child workerEnv in error state 6
1599 - 13:16:29 - [error] mod_jk child workerEnv in error state 6
1601 - 13:16:29 - [error] mod_jk child workerEnv in error state 6
1603 - 13:16:29 - [error] mod_jk child workerEnv in error state 6
1605 - 13:16:29 - [error] mod_jk child workerEnv in error state 6
1613 - 13:22:48 - [error] mod_jk child workerEnv in error state 7
1615 - 13:22:48 - [error] mod_jk child workerEnv in error state 7
1617 - 13:22:48 - [error] mod_jk child workerEnv in error state 6
1619 - 13:22:48 - [error] mod_jk child workerEnv in error state 6
1632 - 13:28:17 - [error] mod_jk child workerEnv in error state 7
1634 - 13:28:17 - [error] mod_jk child workerEnv in error state 8
1636 - 13:28:17 - [error] mod_jk child workerEnv in error state 8
1638 - 13:28:17 - [error] mod_jk child workerEnv in error state 8
1647 - 13:32:04 - [error] mod_jk child workerEnv in error state 6
1648 - 13:32:04 - [error] mod_jk child workerEnv in error state 6
1651 - 13:32:10 - [error] mod_jk child workerEnv in error state 7
1652 - 13:32:10 - [error] mod_jk child workerEnv in error state 7
1657 - 13:32:30 - [error] mod_jk child workerEnv in error state 6
1658 - 13:32:30 - [error] mod_jk child workerEnv in error state 6
1673 - 13:39:14 - [error] mod_jk child workerEnv in error state 6
1674 - 13:39:13 - [error] mod_jk child workerEnv in error state 8
1681 - 13:39:41 - [error] mod_jk child workerEnv in error state 8
1682 - 13:39:41 - [error] mod_jk child workerEnv in error state 9
1683 - 13:39:41 - [error] mod_jk child workerEnv in error state 8
1695 - 13:43:46 - [error] mod_jk child workerEnv in error state 6
1696 - 13:43:46 - [error] mod_jk child workerEnv in error state 8
1697 - 13:43:46 - [error] mod_jk child workerEnv in error state 7
1702 - 13:44:38 - [error] mod_jk child workerEnv in error state 6
1703 - 13:44:38 - [error] mod_jk child workerEnv in error state 6
1710 - 13:45:08 - [error] mod_jk child workerEnv in error state 6
1711 - 13:45:08 - [error] mod_jk child workerEnv in error state 8
1712 - 13:45:08 - [error] mod_jk child workerEnv in error state 6
1725 - 13:47:11 - [error] mod_jk child workerEnv in error state 7
1726 - 13:47:11 - [error] mod_jk child workerEnv in error state 6
1727 - 13:47:11 - [error] mod_jk child workerEnv in error state 7
1728 - 13:47:11 - [error] mod_jk child workerEnv in error state 7
1736 - 13:52:36 - [error] mod_jk child workerEnv in error state 6
1737 - 13:52:36 - [error] mod_jk child workerEnv in error state 6
1749 - 13:53:35 - [error] mod_jk child workerEnv in error state 6
1750 - 13:53:35 - [error] mod_jk child workerEnv in error state 8
1751 - 13:53:35 - [error] mod_jk child workerEnv in error state 6
1752 - 13:53:35 - [error] mod_jk child workerEnv in error state 8
1766 - 14:01:48 - [error] mod_jk child workerEnv in error state 7
1768 - 14:01:48 - [error] mod_jk child workerEnv in error state 9
1770 - 14:01:48 - [error] mod_jk child workerEnv in error state 8
1772 - 14:11:43 - [error] [client 141.154.18.244] Directory index forbidden by rule: /var/www/html/
1774 - 14:11:45 - [error] mod_jk child workerEnv in error state 7
1779 - 15:31:10 - [error] mod_jk child workerEnv in error state 6
1781 - 15:31:10 - [error] mod_jk child workerEnv in error state 6
1783 - 15:31:10 - [error] mod_jk child workerEnv in error state 6
1790 - 15:41:32 - [error] mod_jk child workerEnv in error state 7
1792 - 15:41:32 - [error] mod_jk child workerEnv in error state 6
1794 - 15:41:32 - [error] mod_jk child workerEnv in error state 7
1797 - 15:45:44 - [error] mod_jk child workerEnv in error state 6
1804 - 15:51:20 - [error] mod_jk child workerEnv in error state 7
1806 - 15:51:20 - [error] mod_jk child workerEnv in error state 7
1808 - 15:51:20 - [error] mod_jk child workerEnv in error state 6
1811 - 15:55:32 - [error] mod_jk child workerEnv in error state 6
1819 - 16:02:02 - [error] mod_jk child workerEnv in error state 6
1820 - 16:02:02 - [error] mod_jk child workerEnv in error state 7
1821 - 16:02:02 - [error] mod_jk child workerEnv in error state 6
1828 - 16:07:09 - [error] mod_jk child workerEnv in error state 7
1830 - 16:07:09 - [error] mod_jk child workerEnv in error state 6
1832 - 16:07:09 - [error] mod_jk child workerEnv in error state 7
1836 - 16:10:44 - [error] mod_jk child workerEnv in error state 6
1838 - 16:10:44 - [error] mod_jk child workerEnv in error state 6
1843 - 16:16:36 - [error] mod_jk child workerEnv in error state 6
1845 - 16:16:36 - [error] mod_jk child workerEnv in error state 6
1847 - 16:16:36 - [error] mod_jk child workerEnv in error state 6
1852 - 16:21:29 - [error] mod_jk child workerEnv in error state 6
1854 - 16:21:29 - [error] mod_jk child workerEnv in error state 6
1856 - 16:21:29 - [error] mod_jk child workerEnv in error state 6
1861 - 16:26:05 - [error] mod_jk child workerEnv in error state 6
1863 - 16:26:05 - [error] mod_jk child workerEnv in error state 6
1865 - 16:26:05 - [error] mod_jk child workerEnv in error state 6
1872 - 16:31:52 - [error] mod_jk child workerEnv in error state 6
1873 - 16:31:52 - [error] mod_jk child workerEnv in error state 6
1874 - 16:31:52 - [error] mod_jk child workerEnv in error state 6
1887 - 16:40:06 - [error] mod_jk child workerEnv in error state 9
1888 - 16:40:06 - [error] mod_jk child workerEnv in error state 6
1889 - 16:40:06 - [error] mod_jk child workerEnv in error state 6
1890 - 16:45:04 - [error] [client 216.216.185.130] Directory index forbidden by rule: /var/www/html/
1892 - 17:31:39 - [error] [client 218.75.106.250] Directory index forbidden by rule: /var/www/html/
1894 - 17:31:41 - [error] mod_jk child workerEnv in error state 6
1898 - 17:35:58 - [error] mod_jk child workerEnv in error state 6
1900 - 17:35:58 - [error] mod_jk child workerEnv in error state 6
1904 - 17:40:39 - [error] mod_jk child workerEnv in error state 6
1906 - 17:40:39 - [error] mod_jk child workerEnv in error state 6
1911 - 17:46:06 - [error] mod_jk child workerEnv in error state 6
1912 - 17:46:06 - [error] mod_jk child workerEnv in error state 6
1916 - 17:50:41 - [error] mod_jk child workerEnv in error state 6
1918 - 17:50:41 - [error] mod_jk child workerEnv in error state 6
1923 - 17:55:35 - [error] mod_jk child workerEnv in error state 6
1924 - 17:55:35 - [error] mod_jk child workerEnv in error state 6
1927 - 18:00:26 - [error] mod_jk child workerEnv in error state 6
1931 - 18:10:58 - [error] mod_jk child workerEnv in error state 6
1933 - 18:10:58 - [error] mod_jk child workerEnv in error state 6
1938 - 18:15:47 - [error] mod_jk child workerEnv in error state 6
1939 - 18:15:47 - [error] mod_jk child workerEnv in error state 6
1943 - 18:20:53 - [error] mod_jk child workerEnv in error state 6
1945 - 18:20:53 - [error] mod_jk child workerEnv in error state 6
1949 - 18:27:33 - [error] mod_jk child workerEnv in error state 6
1952 - 18:27:37 - [error] mod_jk child workerEnv in error state 7
1956 - 18:35:53 - [error] mod_jk child workerEnv in error state 6
1958 - 18:35:53 - [error] mod_jk child workerEnv in error state 6
1962 - 18:40:54 - [error] mod_jk child workerEnv in error state 6
1964 - 18:40:54 - [error] mod_jk child workerEnv in error state 6
1968 - 18:45:53 - [error] mod_jk child workerEnv in error state 6
1970 - 18:45:53 - [error] mod_jk child workerEnv in error state 6
1973 - 18:50:31 - [error] mod_jk child workerEnv in error state 6
1977 - 18:56:04 - [error] mod_jk child workerEnv in error state 6
1979 - 18:56:04 - [error] mod_jk child workerEnv in error state 6
1984 - 19:00:44 - [error] mod_jk child workerEnv in error state 6
1985 - 19:00:44 - [error] mod_jk child workerEnv in error state 6
1988 - 19:00:54 - [error] mod_jk child workerEnv in error state 6
1989 - 19:00:56 - [error] [client 68.228.3.15] Directory index forbidden by rule: /var/www/html/
1992 - 19:11:04 - [error] mod_jk child workerEnv in error state 6
1994 - 19:14:09 - [error] [client 61.220.139.68] Directory index forbidden by rule: /var/www/html/
1996 - 19:14:11 - [error] mod_jk child workerEnv in error state 6
2000 - 19:15:57 - [error] mod_jk child workerEnv in error state 6

Arquivo gerado com sucesso - foram encontrados 595 ERROS no arquivo de log